   4.970642088371e-02
   9.389544890166e-02
   3.911649973156e-02
   8.196873076560e-02
   2.147371407194e-02
   4.434673427084e-02
   9.213244159158e-04
   2.496880272520e-03
  -4.237359838238e-03
  -7.555177768048e-03
   6.844211471841e-04
  -1.890885703070e-03
   2.173999321062e-04
   3.263869058717e-03
   3.042746049619e-04
   1.033808953548e-03
   1.098452851343e-04
  -4.310665428102e-03
  -1.111886206895e-03
   4.352025838833e-03
   1.263492692120e-03
  -1.682968264224e-03
   6.199542418502e-04
   5.591577336987e-04
  -1.234973327669e-03
  -1.096004783674e-03
   9.294443266504e-04
  -3.330258763615e-05
  -1.021104166364e-04
   1.738057088042e-03
  -6.276432122493e-04
  -2.587355320608e-03
   8.743685629358e-04
   1.883058126776e-03
  -6.397006617947e-04
   2.644750018882e-05
   1.809910904885e-04
  -2.114107080969e-03
   2.218821768254e-04
   3.328147170859e-03
  -4.209433112150e-04
  -3.113919369101e-03
   4.250296947455e-04
   1.616882047862e-03
  -5.602442656071e-04
   1.571944989385e-04
   3.241110912440e-04
  -1.435804628709e-03
  -2.756031973927e-05
   2.015640728100e-03
  -2.670494596909e-04
  -1.715499666007e-03
   4.949181971639e-04
   7.483082667886e-04
  -5.798160492295e-04
   3.866360081982e-04
   4.547762638072e-04
  -1.125565365995e-03
  -1.075909333243e-04
   1.105954958786e-03
  -3.671101078978e-04
  -3.706479948321e-04
   7.611044259760e-04
  -6.126072465777e-04
  -8.213560060811e-04
   1.148321166971e-03
   1.327147415128e-03
  -3.072630349171e-04
   4.856515865516e-05
  -1.784394021770e-03
  -1.633422119640e-03
   3.718269280016e-03
   2.404277745064e-03
  -3.995257785526e-03
  -1.615775215804e-03
   1.533652955116e-03
  -5.381924881895e-04
   3.066382452000e-03
   2.757628727262e-03
  -7.128948990467e-03
  -3.232596669571e-03
   7.140763728600e-03
   1.143735911515e-03
  -1.703335075907e-03
   2.227125518928e-03
  -6.124493068327e-03
  -3.905033469711e-03
   9.752790584387e-03
   2.837263433647e-03
  -2.697988199167e-03
   3.136266887645e-03
  -9.115065888960e-03
  -4.830437287596e-03
   8.764820583958e-03
  -1.545397418182e-03
   7.331498836264e-03
   6.182171351056e-03
  -1.565753746231e-02
   2.758435164006e-03
  -7.854575236840e-03
  -7.769811638981e-03
   2.156440477053e-02
  -1.009499916465e-02
   1.869724915124e-02
  -5.621696487647e-03
   1.392215956722e-02
  -1.451879080488e-03
   6.211822186249e-03
  -5.066577709178e-04
  -3.707907957902e-03
  -3.692898987678e-04
  -5.032639688123e-04
   1.867632954879e-03
   1.828279565976e-03
   3.024121738610e-03
   9.721067335963e-03
   1.072257333182e-02
   2.052308593863e-02
   9.466031085499e-03
   2.109125167816e-02
  -3.513886561433e-03
  -4.444423529791e-03
  -5.286317159865e-03
  -1.703051035990e-02
   2.411111169708e-03
   8.965968045247e-03
   3.492798885200e-03
   9.107343573350e-03
  -3.210937024783e-03
  -1.330661114003e-02
  -1.237706151863e-03
   3.124693685622e-03
   2.495233974494e-03
   5.084902242452e-03
  -2.211406506689e-03
  -3.706376054204e-03
   1.446393122841e-04
  -1.303511753493e-03
   1.665219252103e-03
   5.238687054968e-03
  -1.946129455961e-03
  -5.252579700703e-03
   8.583532338535e-04
   1.900000021907e-03
   5.854100739525e-04
   2.200073357044e-03
  -1.410990882974e-03
  -4.524176322100e-03
   1.274019188718e-03
   4.110508930147e-03
  -4.610613404359e-04
  -1.663226671802e-03
  -4.490703816337e-04
  -1.178896853131e-03
  -3.461021256478e-04
   2.260419236988e-03
  -4.487730736427e-04
  -1.085468670187e-03
   1.149481181330e-03
  -9.804133996818e-04
  -1.316801391253e-03
   2.489863997405e-03
   6.688247841478e-04
  -2.163183865439e-03
   6.166431353705e-04
  -1.003930795967e-04
  -1.782809508968e-03
   2.791696497480e-03
   1.862514734092e-03
  -3.609489002235e-03
  -4.291853831674e-04
   1.271930716259e-03
  -1.687164486401e-03
   2.738471986831e-03
   2.638596143909e-03
  -4.570017315209e-03
   1.722603938906e-03
   4.448734194545e-03
  -1.051094356791e-03
  -2.377737806612e-03
  -5.989373292335e-04
  -1.871292330420e-03
   1.514864217052e-03
   4.383225380712e-03
  -1.027591404196e-03
  -3.597818709054e-03
  -3.069696672115e-04
   7.314632372374e-04
   1.467925980036e-03
   1.913379008130e-03
  -1.752955010103e-03
  -2.767145669936e-03
   1.110683965908e-03
   1.767122519520e-03
   1.814270867450e-05
   1.356859011096e-05
  -1.055208491426e-03
  -1.250265773260e-03
   4.295686989070e-04
   8.342566416832e-04
  -1.049826889289e-03
   1.008753925978e-03
   1.455016336463e-03
  -2.863171413193e-03
  -1.256645895438e-03
   3.338419040294e-03
   2.502998508149e-04
  -1.580938304170e-03
   1.279877867943e-03
  -1.900888225584e-03
  -2.464947521830e-03
   5.042030481273e-03
   2.305054389911e-03
  -5.315459888766e-03
  -4.436391429848e-04
   1.648312999250e-03
  -2.105332352129e-03
   3.859638234213e-03
   3.262140583348e-03
  -6.599319373059e-03
  -1.698447245549e-03
   2.183583506745e-03
  -2.474862249151e-03
   5.582953746151e-03
   3.651955584768e-03
  -5.788038554680e-03
   1.076244692939e-03
  -5.150864980460e-03
  -4.958239848323e-03
   1.175698761743e-02
  -8.966593668070e-04
   4.101594695353e-03
   7.070681228099e-03
  -1.927291545082e-02
   6.988736278270e-03
  -1.234675877758e-02
   2.949850104859e-03
  -6.880974204618e-03
   4.663073776528e-04
  -2.996895358370e-03
   1.944009853372e-06
   3.475011389171e-03
  -1.719198736835e-04
  -6.865414428959e-04
   1.088717132827e-03
   1.108039141360e-03
   2.146270075162e-03
   7.408956710503e-03
   7.608717031958e-03
   1.324502974365e-02
   6.916987671034e-03
   1.721939477579e-02
  -1.229889781374e-03
  -1.477539273761e-03
  -4.363479742196e-03
  -1.409760437468e-02
   5.374158529647e-04
   6.381887041886e-03
   3.857078577625e-03
   6.092649256503e-03
  -2.276587658030e-03
  -7.254375171144e-03
  -2.085814233376e-03
   4.736002405510e-05
  -2.016160788889e-04
  -2.687209283452e-04
   7.771187840664e-05
   7.075503916726e-04
   6.746157674531e-05
  -1.130789385697e-03
  -2.206968373531e-04
   1.515441418582e-03
   3.738701073700e-04
  -1.839445279942e-03
  -5.071398301740e-04
   2.074856203928e-03
   6.130520283437e-04
  -2.203749626781e-03
  -6.736520691511e-04
   2.201820035652e-03
   6.805944895748e-04
  -2.057917136868e-03
  -6.279063625894e-04
   1.764874964140e-03
   5.081319395976e-04
  -1.323197758333e-03
   9.479986453700e-05
  -1.634355612899e-04
  -1.026076479200e-04
   8.362608518885e-05
   1.039055214567e-04
  -3.632270579190e-06
  -9.834389315900e-05
  -7.335622868625e-05
   8.587037720496e-05
   1.446230964545e-04
  -6.704208577123e-05
  -2.078087046474e-04
   4.278178183354e-05
   2.611708751000e-04
  -1.432330671044e-05
  -3.032361611544e-04
  -1.664754842963e-05
   3.330726498494e-04
   4.849746754965e-05
  -3.500685860391e-04
  -7.917128473147e-05
   3.538658660134e-04
   9.089907728974e-04
  -1.319312304357e-03
  -8.225827411686e-04
   1.541324165440e-03
   4.065590196669e-04
  -1.127767872082e-03
   2.309108439495e-04
   1.666681138071e-04
  -8.677116483659e-04
   9.748462691313e-04
   1.235337110845e-03
  -1.773207319304e-03
  -1.116393987908e-03
   1.750859257337e-03
   4.722464397494e-04
  -7.517419304506e-04
   4.857321646895e-04
  -8.744835941942e-04
  -1.336713208081e-03
   2.323908523254e-03
   1.621738160490e-03
  -2.678509129134e-03
  -4.280152278302e-04
  -5.929555058887e-04
   9.804134047785e-05
  -3.113743455791e-04
   2.161209687465e-04
   1.011789632937e-03
  -4.225892620054e-04
  -1.282074070834e-03
   4.805270645585e-04
   1.075500283714e-03
  -3.979178416375e-04
  -5.150496086930e-04
   2.162816986263e-04
  -1.654921791883e-04
   1.050698005619e-05
   7.160517477040e-04
  -2.288799543593e-04
  -9.548082342887e-04
   3.920672202896e-04
   8.251106337140e-04
  -4.628609295058e-04
  -4.133829183705e-04
  -5.810753318721e-04
  -6.676028972844e-04
   6.013506199806e-04
   7.130662419507e-04
  -5.401450130263e-04
  -6.218120243540e-04
   4.161768012171e-04
   4.332781417642e-04
  -2.515887879083e-04
  -1.915872505914e-04
   7.261143884031e-05
  -5.440391096939e-05
   9.776799865018e-05
   2.658378345254e-04
  -2.403113442885e-04
  -4.136795975497e-04
   3.408971528478e-04
   4.819451296607e-04
  -3.929673485515e-04
  -4.700998826967e-04
   3.956213952604e-04
   3.875805797142e-04
  -2.933005350024e-04
  -9.514109489483e-05
   6.801875890810e-05
  -9.526500722897e-04
   1.210185230566e-04
   1.648223481653e-03
  -2.050411222719e-04
  -1.741200350576e-03
   1.788817443353e-04
   1.225916320786e-03
  -8.383828669127e-05
  -3.108963329184e-04
  -2.437141157652e-05
  -6.728279157322e-04
   1.033582986378e-04
   1.389677028769e-03
  -1.380203474847e-04
  -1.617313215536e-03
   1.357567338201e-04
   1.305898697467e-03
  -1.083748033940e-04
  -5.881107227686e-04
   5.006163297991e-04
  -5.160816763996e-04
  -3.055200375346e-04
   1.591538184373e-03
  -1.987538244007e-05
  -1.974468651979e-03
   4.117897492359e-04
   1.534637787558e-03
  -7.523142121002e-04
  -5.030446285938e-04
   8.898307580547e-04
  -6.208884003659e-04
  -6.917422064314e-04
   1.264812811390e-03
   1.347951091888e-04
  -1.063715402551e-03
   6.305697508999e-04
   9.992773318309e-05
  -1.284408520550e-03
   1.052892854813e-03
   1.454362533102e-03
  -1.581080507885e-03
  -2.551197052835e-04
  -8.398841060943e-04
   2.939764677014e-05
   9.997220079109e-04
   1.305797820007e-04
  -7.712735436284e-04
  -1.289788665130e-04
   2.347516582577e-04
  -2.300807985021e-05
   4.061763828045e-04
   2.065255189115e-04
  -8.584905165498e-04
  -2.589593868812e-04
   8.454980316766e-04
   8.079836926983e-05
  -2.794490973210e-04
   2.755486566255e-04
  -6.103965174718e-04
  -5.933074155780e-04
   1.294930906368e-03
   6.039284092232e-04
  -1.196157749039e-03
  -1.053463816124e-03
  -5.012925765110e-03
   1.164163354646e-03
   4.713847593874e-03
  -8.692825799856e-04
  -3.159295146542e-03
   3.683055859632e-04
   8.718141126934e-04
   1.513616626491e-04
   1.542988248042e-03
  -5.304067943164e-04
  -3.530646115996e-03
   6.843806077379e-04
   4.702681674071e-03
  -6.218070872668e-04
  -4.881778787040e-03
   4.157464918386e-04
   4.104593687873e-03
  -1.536411015323e-04
  -2.569062414138e-03
  -6.356370384816e-05
   6.022868345765e-04
  -5.479543661094e-05
   1.073041943616e-03
   2.759980407468e-06
  -2.264610820253e-03
   2.051683503867e-05
   3.054718561436e-03
  -4.203671424679e-05
  -3.313393372558e-03
   9.156900037970e-05
   2.989520505877e-03
  -1.860896047630e-04
  -2.129237201869e-03
   3.244806235224e-04
   8.720473978676e-04
  -4.726797487518e-04
   5.534546859723e-04
   5.788673566634e-04
  -1.864995133047e-03
  -5.673339606009e-04
   2.768571591325e-03
   3.782425639576e-04
  -3.022379280877e-03
   4.760451707953e-02
   0.000000000000e+00
   0.000000000000e+00
   0.000000000000e+00
   0.000000000000e+00
   0.000000000000e+00
   0.000000000000e+00
   0.000000000000e+00
   0.000000000000e+00
   0.000000000000e+00
   0.000000000000e+00
   0.000000000000e+00
   0.000000000000e+00
   0.000000000000e+00
   0.000000000000e+00
   0.000000000000e+00
   0.000000000000e+00
   0.000000000000e+00
