   1.000000000000e-01
  -7.475390779372e-02
   1.786370868631e+00
   4.971894999324e-02
   2.212135457075e+00
  -2.482441804169e-02
   1.788759063341e+00
   0.000000000000e+00
   1.000000000000e-01
  -6.585614486932e-02
   1.970249226327e+00
   4.337031817007e-02
   2.019592712610e+00
  -2.856201956345e-02
   1.987096994799e+00
   1.880984497974e-02
   2.008497421799e+00
  -1.238743875706e-02
   1.994403925589e+00
   8.157889609576e-03
   2.003685358873e+00
  -5.372471593633e-03
   1.997572964719e+00
   3.538102666729e-03
   2.001598351875e+00
  -2.330058004083e-03
   1.998947387068e+00
   1.534486353824e-03
   2.000693210307e+00
  -1.010553524453e-03
   1.999543478402e+00
   6.655115448713e-04
   2.000300647547e+00
  -4.382801739575e-04
   1.999802005083e+00
   2.886343152092e-04
   2.000130391870e+00
  -1.900832640855e-04
   1.999914128865e+00
   1.251812536313e-04
   2.000056551535e+00
  -8.243915880559e-05
   1.999962757164e+00
   5.429066126869e-05
   2.000024526963e+00
  -3.575283975736e-05
   1.999983847083e+00
   2.354408022230e-05
   2.000010638304e+00
  -1.550315585536e-05
   1.999992993089e+00
   1.020664102070e-05
   2.000004615900e+00
  -6.716932695062e-06
   1.999996957993e+00
   4.416273508062e-06
   2.000002006619e+00
  -2.897394703442e-06
   1.999998673552e+00
   1.891420349832e-06
   2.000000881088e+00
  -1.220270214340e-06
   1.999999408299e+00
   7.651355301170e-07
   2.000000407058e+00
  -4.454471551444e-07
   1.999999705526e+00
   2.046130102468e-07
   2.000000234019e+00
   0.000000000000e+00
   2.215726178262e+00
   2.210943043642e+00
   2.045175395146e+00
   1.999999785010e+00
