   1.769202138617e+00
   1.102988615882e+00
   2.532064170731e+00
   4.357521563723e-01
   2.194174854004e+00
  -4.313687920138e-02
   1.985088199392e+00
  -8.139863103842e-02
   1.963635733959e+00
   2.051066372006e-02
   2.002843217403e+00
   6.627176617463e-03
   2.012739030734e+00
   5.651554950425e-03
   1.995959706387e+00
  -8.041021618913e-03
   1.993244902938e+00
  -8.311203846479e-03
   2.010668037762e+00
   2.287431168216e-02
   1.991693838583e+00
  -1.792033615291e-02
   1.087481206905e-03
  -1.269597678762e-02
   1.995857150905e+00
   1.277710596492e-02
   2.001970789072e+00
  -4.645306521755e-03
   2.003059006283e+00
  -3.813112423507e-03
   1.993212248591e+00
   7.074217653778e-03
   2.006532213866e+00
  -4.704693021831e-03
   1.997599419183e+00
   6.126072985843e-06
   1.996756482103e+00
   3.315332797226e-03
   2.007538011875e+00
  -3.472370605547e-03
   1.991469500454e+00
   1.267596910680e-03
   2.006002354462e+00
   1.149388021608e-03
  -3.365161852239e-03
   1.480756624649e-03
   1.997365476647e+00
   1.259251456916e-04
   2.005143225408e+00
  -1.442261898501e-03
   1.994596452641e+00
   2.731683881434e-03
   2.003500978159e+00
  -3.936807645721e-03
   1.999628835187e+00
   4.307118336486e-03
   1.997475038375e+00
  -2.840881316613e-03
   2.003824024086e+00
  -9.245923396366e-04
   1.997128138569e+00
   5.997074371652e-03
   2.000181947292e+00
  -9.841550042223e-03
   2.002716965526e+00
   9.290326982944e-03
   2.290906423779e-02
  -1.229219488875e-02
   2.001164079887e+00
  -8.410922411157e-03
   2.004256597336e+00
   2.793833552903e-02
   1.990673644994e+00
  -3.305473874586e-02
   2.009725883784e+00
   1.632816437600e-02
   1.997470691262e+00
   1.547184040305e-02
   1.990341029161e+00
  -4.203737540718e-02
   2.018933216149e+00
   4.017187824324e-02
   1.984134838294e+00
  -5.202665796270e-03
   1.999094891229e+00
  -3.827907320301e-02
   2.020283235404e+00
   4.785945842159e-02
   6.985607935453e-02
  -1.002463021681e-02
   1.994901568026e+00
  -7.003009509315e-02
   2.030921349698e+00
   4.583633825391e-02
   1.988594437603e+00
   7.264645899065e-02
   1.960066932385e+00
  -8.112050331415e-02
   2.034905220877e+00
  -1.186282189533e-01
   2.063978007709e+00
   6.131119572409e-02
   1.961461859446e+00
   2.978114730130e-01
   1.871880586506e+00
   4.561537409386e-01
   1.804023282668e+00
   4.882676504021e-01
   1.775180163462e+00
   5.000000000000e-01
   4.000000000000e-01
   4.063671052595e-01
   2.186432651616e+00
   3.725243610202e-01
   2.178698588213e+00
   3.192782584135e-01
   2.137420367869e+00
   1.012756121267e-01
   2.052563471827e+00
  -1.192953651859e-01
   1.947643559998e+00
  -5.852671982911e-02
   1.963199646116e+00
   6.849071595505e-02
   2.045107285303e+00
   3.329430161281e-02
   2.008031239433e+00
  -6.394999549993e-02
   1.963603053371e+00
   4.854079495337e-03
   2.020437064924e+00
   5.267096271829e-02
   2.395974089201e-02
  -3.140270004301e-02
   1.986587337908e+00
   8.895317658304e-03
   2.001360018110e+00
   1.708633086631e-02
   2.011517147738e+00
  -2.485409133827e-02
   1.985121203451e+00
   1.284828313986e-02
   2.008048180477e+00
   6.388981898399e-03
   2.002860241928e+00
  -1.856045628922e-02
   1.989576065215e+00
   1.774024806281e-02
   2.011106214295e+00
  -7.044318187933e-03
   1.994188614946e+00
  -5.504937986604e-03
   1.998466929028e+00
   1.311587014411e-02
  -6.795032712078e-03
   1.099911617228e-03
   1.993829559513e+00
   7.086096447514e-03
   2.001396056036e+00
  -1.407033181104e-02
   2.004695119996e+00
   1.436951145860e-02
   1.992136491805e+00
  -4.693631713283e-03
   2.005254801005e+00
  -1.173855229291e-02
   2.002224881853e+00
   2.401228845569e-02
   1.990730992298e+00
  -2.001154389656e-02
   2.009554869529e+00
  -2.700406881917e-03
   1.999002741867e+00
   2.827348999985e-02
   1.990162711645e+00
  -3.088631734223e-02
   1.914151248116e-02
  -1.821385285785e-02
   1.989774310178e+00
  -2.820452275842e-03
   1.999488399500e+00
   1.941830397260e-02
   2.009373523703e+00
  -1.748912809999e-02
   1.990304140673e+00
   1.230024862556e-03
   2.003273914836e+00
   1.600185492034e-02
   2.003915321339e+00
  -2.308205134534e-02
   1.993204869019e+00
   1.772385332017e-02
   2.004426716505e+00
  -4.864336271318e-03
   2.000672216356e+00
  -8.056356823748e-03
   1.995266950666e+00
   1.587867988831e-02
  -8.397202835315e-04
  -5.109919922969e-03
   1.998483533639e+00
   1.271871296130e-02
   1.995574435067e+00
  -1.790169338503e-02
   2.009298255374e+00
   1.500669441318e-02
   1.990599422045e+00
  -1.388686420790e-03
   2.003163161842e+00
  -1.837597636291e-02
   2.007007474218e+00
   3.162632622923e-02
   1.985398676020e+00
  -2.528276986616e-02
   2.012996198798e+00
  -2.449726322478e-03
   1.999133617002e+00
   3.316156403196e-02
   1.986572934452e+00
  -3.797803858456e-02
  -4.489440713917e-02
   1.761412872567e-03
   2.002007354107e+00
   5.213698531006e-02
   1.980277641360e+00
  -3.586938004181e-02
   2.008980111527e+00
  -5.336767559003e-02
   2.028067351121e+00
   6.934600760161e-02
   1.972066132345e+00
   7.172861319589e-02
   1.959333994120e+00
  -9.239287284445e-02
   2.049768463288e+00
  -2.305832869232e-01
   2.103031050182e+00
  -2.956999918747e-01
   2.131530124379e+00
  -2.944236923867e-01
   2.144053927487e+00
  -3.000000000000e-01
   3.000000000000e-01
   3.021907028945e-01
   2.139616496437e+00
   2.829699782781e-01
   2.134071773823e+00
   2.434406040896e-01
   2.102933621945e+00
   8.414703066028e-02
   2.047417807391e+00
  -7.102329189012e-02
   1.963555394775e+00
  -6.313168968513e-02
   1.967128841499e+00
   4.376711424197e-02
   2.031972536736e+00
   4.404907800359e-02
   2.007741990768e+00
  -5.513018969584e-02
   1.978161836675e+00
  -4.488447190456e-03
   2.006752523167e+00
   5.002782982339e-02
  -1.900781735981e-02
   1.384048842402e-02
   2.002519402210e+00
  -7.088232712708e-03
   1.993628732599e+00
  -7.885602427258e-04
   2.010144848856e+00
   9.240795327072e-03
   1.986380348743e+00
  -1.758815723918e-02
   2.016590102216e+00
   2.514008007359e-02
   1.981194083282e+00
  -3.116537463720e-02
   2.020054038170e+00
   3.500135734260e-02
   1.979881267809e+00
  -3.609427146613e-02
   2.018852688845e+00
   3.403681093082e-02
   1.983839859436e+00
  -2.871122182629e-02
   4.514549873847e-03
  -5.032498579474e-03
   2.000795725624e+00
   5.278438535892e-03
   1.999627202677e+00
  -5.225803487670e-03
   1.999963201433e+00
   4.873456630648e-03
   2.000421403711e+00
  -4.233087005885e-03
   1.999229136399e+00
   3.337271601390e-03
   2.001079275027e+00
  -2.230897505877e-03
   1.998658915537e+00
   9.709156337428e-04
   2.001554044346e+00
   3.743997037711e-04
   1.998284944210e+00
  -1.735699318034e-03
   2.001823228935e+00
   3.034468009998e-03
   7.508565312226e-03
  -9.766840682540e-03
   2.003887220325e+00
   8.552121193340e-03
   1.995488150034e+00
  -3.616645825252e-03
   2.003287849241e+00
  -3.750439876049e-03
   1.999506015945e+00
   1.083661907452e-02
   1.997224964066e+00
  -1.439327787867e-02
   2.005039675311e+00
   1.189047595200e-02
   1.995042999394e+00
  -3.183825447097e-03
   2.002178307226e+00
  -8.770779674822e-03
   2.002276131463e+00
   1.838823158574e-02
   1.993902203905e+00
  -1.991090285618e-02
  -4.474097302228e-03
   6.023588523318e-04
   1.999448922971e+00
   2.816158413508e-03
   2.002546421761e+00
  -4.742261299924e-03
   1.996551870976e+00
   4.904209630534e-03
   2.003071268400e+00
  -3.648997672546e-03
   1.998335883902e+00
   1.634816125796e-03
   1.999796384844e+00
   4.749329645623e-04
   2.001859827588e+00
  -2.219700852219e-03
   1.997242482189e+00
   3.397084482619e-03
   2.002632512064e+00
  -3.934078483463e-03
   1.998425413327e+00
   3.762816443236e-03
  -1.361873725484e-02
   1.430329614149e-02
   2.003814222223e+00
  -1.302257518218e-02
   1.996930514716e+00
   1.024264288919e-02
   2.001851187642e+00
  -6.526920511817e-03
   1.999585161064e+00
   2.480939313229e-03
   1.999022440305e+00
   1.352342284943e-03
   2.002118355858e+00
  -4.534082155534e-03
   1.997145695495e+00
   6.769371216241e-03
   2.003119267586e+00
  -7.917829943807e-03
   1.997083667321e+00
   7.984923410149e-03
   2.002319307120e+00
  -7.093329138868e-03
  -1.755457203922e-03
  -7.678307344408e-04
   1.998712845846e+00
   2.414069916768e-03
   2.003436115067e+00
  -2.415479982381e-03
   1.995764318390e+00
   9.790000225176e-04
   2.003514316932e+00
   1.010426713266e-03
   1.998361368205e+00
  -2.549431386387e-03
   1.999323238784e+00
   2.999131420136e-03
   2.002638428782e+00
  -2.285036756229e-03
   1.996387740954e+00
   8.960235677965e-04
   2.003354560083e+00
   4.876397164367e-04
   1.998019033738e+00
  -1.382078658197e-03
   2.380737785039e-03
  -1.670778032134e-03
   2.003365729403e+00
   4.354625692516e-04
   1.994621250903e+00
   1.689390000891e-03
   2.005242225949e+00
  -4.560181192965e-03
   1.997014649851e+00
   7.182448996559e-03
   1.999568150548e+00
  -7.919037454355e-03
   2.003521508180e+00
   5.135231250151e-03
   1.995260061594e+00
   1.497131491332e-03
   2.003350671241e+00
  -1.013974801817e-02
   2.000113412790e+00
   1.673175501834e-02
   1.996239880386e+00
  -1.671840017184e-02
  -5.337871934946e-03
   2.031856763175e-03
   2.001966002525e+00
   1.424194819835e-03
   1.998151332819e+00
  -3.131040597983e-03
   2.001061800400e+00
   2.240551903865e-03
   2.000247287750e+00
   5.411909187829e-04
   1.998349059610e+00
  -3.216056462362e-03
   2.002470113571e+00
   3.557939911200e-03
   1.997945038682e+00
  -5.624861674453e-04
   2.000289506972e+00
  -4.535267348899e-03
   2.002115277638e+00
   8.378886925468e-03
   1.996336937240e+00
  -7.395874661569e-03
  -2.199662093293e-02
   2.488318967284e-02
   2.024305784279e+00
  -1.730464106230e-02
   1.981482794663e+00
   4.141681871362e-03
   2.008355307073e+00
   9.298166075834e-03
   2.003309915533e+00
  -1.834001533562e-02
   1.986446545097e+00
   2.099122177448e-02
   2.020461661382e+00
  -1.715911122085e-02
   1.977149144740e+00
   8.743102262674e-03
   2.020745085342e+00
   9.878759902925e-04
   1.985184209129e+00
  -9.298038620917e-03
   2.006406657363e+00
   1.370162789760e-02
   6.305753236027e-03
  -6.878866826928e-03
   1.990297796588e+00
   5.408290507111e-03
   2.014865148143e+00
  -2.603568111593e-03
   1.982430712834e+00
   1.204765188283e-05
   2.017367759890e+00
   1.265353008215e-03
   1.985833463161e+00
  -4.161126838180e-04
   2.008441562389e+00
  -2.654229204138e-03
   1.998968021370e+00
   6.808738520952e-03
   1.993317504735e+00
  -1.038840655784e-02
   2.013184373115e+00
   1.106416500918e-02
   1.983113522414e+00
  -6.916368554609e-03
   2.877833006898e+00
   2.001249603034e+00
   1.998784653091e+00
   1.996146141725e+00
   1.976692857777e+00
   1.790202837433e+00
   2.181639801640e+00
   2.012065752339e+00
   2.006809677897e+00
   2.011509932597e+00
   2.005232492344e+00
   2.016639009972e+00
   2.129033525251e+00
   2.134374710072e+00
   1.998124046018e+00
   2.000012489650e+00
   1.998557413059e+00
   2.002902514307e+00
